ERROR - 2023-07-03 04:02:45 --> Error connecting to the database: mysqli_sql_exception: Access denied for user ''@'localhost' (using password: NO) in /home/web/html/victor/permisoE/system/Database/MySQLi/Connection.php:173
Stack trace:
#0 /home/web/html/victor/permisoE/system/Database/MySQLi/Connection.php(173): mysqli->real_connect()
#1 /home/web/html/victor/permisoE/system/Database/BaseConnection.php(391): CodeIgniter\Database\MySQLi\Connection->connect()
#2 /home/web/html/victor/permisoE/system/Database/Database.php(66): CodeIgniter\Database\BaseConnection->initialize()
#3 /home/web/html/victor/permisoE/system/Database/Config.php(109): CodeIgniter\Database\Database->loadForge()
#4 /home/web/html/victor/permisoE/system/Database/Seeder.php(97): CodeIgniter\Database\Config::forge()
#5 /home/web/html/victor/permisoE/system/Commands/Database/Seed.php(69): CodeIgniter\Database\Seeder->__construct()
#6 /home/web/html/victor/permisoE/system/CLI/Commands.php(65): CodeIgniter\Commands\Database\Seed->run()
#7 /home/web/html/victor/permisoE/system/CLI/Console.php(37): CodeIgniter\CLI\Commands->run()
#8 /home/web/html/victor/permisoE/spark(97): CodeIgniter\CLI\Console->run()
#9 {main}

Next CodeIgniter\Database\Exceptions\DatabaseException: Access denied for user ''@'localhost' (using password: NO) in /home/web/html/victor/permisoE/system/Database/MySQLi/Connection.php:218
Stack trace:
#0 /home/web/html/victor/permisoE/system/Database/BaseConnection.php(391): CodeIgniter\Database\MySQLi\Connection->connect()
#1 /home/web/html/victor/permisoE/system/Database/Database.php(66): CodeIgniter\Database\BaseConnection->initialize()
#2 /home/web/html/victor/permisoE/system/Database/Config.php(109): CodeIgniter\Database\Database->loadForge()
#3 /home/web/html/victor/permisoE/system/Database/Seeder.php(97): CodeIgniter\Database\Config::forge()
#4 /home/web/html/victor/permisoE/system/Commands/Database/Seed.php(69): CodeIgniter\Database\Seeder->__construct()
#5 /home/web/html/victor/permisoE/system/CLI/Commands.php(65): CodeIgniter\Commands\Database\Seed->run()
#6 /home/web/html/victor/permisoE/system/CLI/Console.php(37): CodeIgniter\CLI\Commands->run()
#7 /home/web/html/victor/permisoE/spark(97): CodeIgniter\CLI\Console->run()
#8 {main}
CRITICAL - 2023-07-03 04:02:45 --> Unable to connect to the database.
Main connection [MySQLi]: Access denied for user ''@'localhost' (using password: NO)
in SYSTEMPATH/Database/BaseConnection.php on line 427.
 1 SYSTEMPATH/Database/Database.php(66): CodeIgniter\Database\BaseConnection->initialize()
 2 SYSTEMPATH/Database/Config.php(109): CodeIgniter\Database\Database->loadForge()
 3 SYSTEMPATH/Database/Seeder.php(97): CodeIgniter\Database\Config::forge()
 4 SYSTEMPATH/Commands/Database/Seed.php(69): CodeIgniter\Database\Seeder->__construct()
 5 SYSTEMPATH/CLI/Commands.php(65): CodeIgniter\Commands\Database\Seed->run()
 6 SYSTEMPATH/CLI/Console.php(37): CodeIgniter\CLI\Commands->run()
 7 ROOTPATH/spark(97): CodeIgniter\CLI\Console->run()
ERROR - 2023-07-03 04:34:40 --> mysqli_sql_exception: Table 'VictorRea.t_usuario' doesn't exist in /home/web/html/victor/permisoE/system/Database/MySQLi/Connection.php:295
Stack trace:
#0 /home/web/html/victor/permisoE/system/Database/MySQLi/Connection.php(295): mysqli->query()
#1 /home/web/html/victor/permisoE/system/Database/BaseConnection.php(692): CodeIgniter\Database\MySQLi\Connection->execute()
#2 /home/web/html/victor/permisoE/system/Database/BaseConnection.php(606): CodeIgniter\Database\BaseConnection->simpleQuery()
#3 /home/web/html/victor/permisoE/system/Database/BaseBuilder.php(2309): CodeIgniter\Database\BaseConnection->query()
#4 /home/web/html/victor/permisoE/app/Database/Seeds/Usuario.php(20): CodeIgniter\Database\BaseBuilder->insert()
#5 /home/web/html/victor/permisoE/system/Database/Seeder.php(146): App\Database\Seeds\Usuario->run()
#6 /home/web/html/victor/permisoE/system/Commands/Database/Seed.php(77): CodeIgniter\Database\Seeder->call()
#7 /home/web/html/victor/permisoE/system/CLI/Commands.php(65): CodeIgniter\Commands\Database\Seed->run()
#8 /home/web/html/victor/permisoE/system/CLI/Console.php(37): CodeIgniter\CLI\Commands->run()
#9 /home/web/html/victor/permisoE/spark(97): CodeIgniter\CLI\Console->run()
#10 {main}
